<?xml version="1.0" encoding="UTF-8"?>
<testsuite xmlns:xsi="http://www.w3.org/2001/XMLSchema-instance" xsi:noNamespaceSchemaLocation="https://maven.apache.org/surefire/maven-surefire-plugin/xsd/surefire-test-report-3.0.xsd" version="3.0" name="Login to All Applications with Account Creation" time="45.753" tests="3" errors="0" skipped="0" failures="0">
  <properties>
[...]
</properties>
  <testcase name="Create an authorizer for KastleDirect" classname="Login to All Applications with Account Creation" time="17.193">
    <system-err><![CDATA[[pool-3-thread-1] INFO  - 
  _____   ___   ___   _____     ___   _____     _     ___   _____   ___   ___  
 |_   _| | __| / __| |_   _|   / __| |_   _|   /_\   | _ \ |_   _| | __| |   \ 
   | |   | _|  \__ \   | |     \__ \   | |    / _ \  |   /   | |   | _|  | |) |
   |_|   |___| |___/   |_|     |___/   |_|   /_/ \_\ |_|_\   |_|   |___| |___/ 

Create an authorizer for KastleDirect(login-to-all-applications-with-account-creation;create-an-authorizer-for-kastledirect)
--------------------------------------------------------------------------------
Apr 01, 2025 2:35:57 PM org.openqa.selenium.remote.tracing.opentelemetry.OpenTelemetryTracer createTracer
INFO: Using OpenTelemetry for tracing
[pool-3-thread-1] INFO starter.Pages.kastleDirectPages.KDHomePage.KDHomePage - App Path: KastleDirect
[pool-3-thread-1] INFO starter.Pages.kastleDirectPages.KDHomePage.KDHomePage - kastlesDirect application opened at URL: https://www.google.com/KastleDirect
[pool-3-thread-1] INFO  - &amp#27;[92m
  _____   ___   ___   _____     ___     _     ___   ___   ___   ___  
 |_   _| | __| / __| |_   _|   | _ \   /_\   / __| / __| | __| |   \ 
   | |   | _|  \__ \   | |     |  _/  / _ \  \__ \ \__ \ | _|  | |) |
   |_|   |___| |___/   |_|     |_|   /_/ \_\ |___/ |___/ |___| |___/ 

Create an authorizer for KastleDirect
----------------------------------------------------------------------&amp#27;[0m
]]></system-err>
  </testcase>
  <testcase name="Login To MK Application" classname="Login to All Applications with Account Creation" time="14.036">
    <system-err><![CDATA[[pool-3-thread-1] INFO  - 
  _____   ___   ___   _____     ___   _____     _     ___   _____   ___   ___  
 |_   _| | __| / __| |_   _|   / __| |_   _|   /_\   | _ \ |_   _| | __| |   \ 
   | |   | _|  \__ \   | |     \__ \   | |    / _ \  |   /   | |   | _|  | |) |
   |_|   |___| |___/   |_|     |___/   |_|   /_/ \_\ |_|_\   |_|   |___| |___/ 

Login To MK Application(login-to-all-applications-with-account-creation;login-to-mk-application)
--------------------------------------------------------------------------------
[pool-3-thread-1] INFO starter.Pages.kastleDirectPages.KDHomePage.KDHomePage - App Path: KastleDirect
[pool-3-thread-1] INFO starter.Pages.kastleDirectPages.KDHomePage.KDHomePage - kastlesDirect application opened at URL: https://www.google.com/KastleDirect
[pool-3-thread-1] INFO  - &amp#27;[92m
  _____   ___   ___   _____     ___     _     ___   ___   ___   ___  
 |_   _| | __| / __| |_   _|   | _ \   /_\   / __| / __| | __| |   \ 
   | |   | _|  \__ \   | |     |  _/  / _ \  \__ \ \__ \ | _|  | |) |
   |_|   |___| |___/   |_|     |_|   /_/ \_\ |___/ |___/ |___| |___/ 

Login To MK Application
----------------------------------------------------------------------&amp#27;[0m
]]></system-err>
  </testcase>
  <testcase name="Login To KD Application" classname="Login to All Applications with Account Creation" time="14.524">
    <system-err><![CDATA[[pool-3-thread-1] INFO  - 
  _____   ___   ___   _____     ___   _____     _     ___   _____   ___   ___  
 |_   _| | __| / __| |_   _|   / __| |_   _|   /_\   | _ \ |_   _| | __| |   \ 
   | |   | _|  \__ \   | |     \__ \   | |    / _ \  |   /   | |   | _|  | |) |
   |_|   |___| |___/   |_|     |___/   |_|   /_/ \_\ |_|_\   |_|   |___| |___/ 

Login To KD Application(login-to-all-applications-with-account-creation;login-to-kd-application)
--------------------------------------------------------------------------------
[pool-3-thread-1] INFO starter.Pages.kastleDirectPages.KDHomePage.KDHomePage - App Path: KastleDirect
[pool-3-thread-1] INFO starter.Pages.kastleDirectPages.KDHomePage.KDHomePage - kastlesDirect application opened at URL: https://www.google.com/KastleDirect
[pool-3-thread-1] INFO  - &amp#27;[92m
  _____   ___   ___   _____     ___     _     ___   ___   ___   ___  
 |_   _| | __| / __| |_   _|   | _ \   /_\   / __| / __| | __| |   \ 
   | |   | _|  \__ \   | |     |  _/  / _ \  \__ \ \__ \ | _|  | |) |
   |_|   |___| |___/   |_|     |_|   /_/ \_\ |___/ |___/ |___| |___/ 

Login To KD Application
----------------------------------------------------------------------&amp#27;[0m
]]></system-err>
  </testcase>
</testsuite>